abr. 13, 2024 7:26:54 P. M. domain.Log record
GRAVE: java.lang.NullPointerException: Cannot invoke "domain.Activity.name()" because the return value of "java.util.HashMap.get(Object)" is null
java.lang.NullPointerException: Cannot invoke "domain.Activity.name()" because the return value of "java.util.HashMap.get(Object)" is null
	at domain.Project.select(Project.java:93)
	at domain.Project.search(Project.java:125)
	at presentation.ProjectManagerGUI.actionSearch(ProjectManagerGUI.java:239)
	at presentation.ProjectManagerGUI$6.insertUpdate(ProjectManagerGUI.java:199)
	at java.desktop/javax.swing.text.AbstractDocument.fireInsertUpdate(AbstractDocument.java:226)
	at java.desktop/javax.swing.text.AbstractDocument.handleInsertString(AbstractDocument.java:780)
	at java.desktop/javax.swing.text.AbstractDocument.insertString(AbstractDocument.java:739)
	at java.desktop/javax.swing.text.PlainDocument.insertString(PlainDocument.java:131)
	at java.desktop/javax.swing.text.AbstractDocument.replace(AbstractDocument.java:698)
	at java.desktop/javax.swing.text.JTextComponent.replaceSelection(JTextComponent.java:1339)
	at java.desktop/javax.swing.text.DefaultEditorKit$DefaultKeyTypedAction.actionPerformed(DefaultEditorKit.java:884)
	at java.desktop/javax.swing.SwingUtilities.notifyAction(SwingUtilities.java:1810)
	at java.desktop/javax.swing.JComponent.processKeyBinding(JComponent.java:2947)
	at java.desktop/javax.swing.JComponent.processKeyBindings(JComponent.java:2995)
	at java.desktop/javax.swing.JComponent.processKeyEvent(JComponent.java:2909)
	at java.desktop/java.awt.Component.processEvent(Component.java:6403)
	at java.desktop/java.awt.Container.processEvent(Container.java:2266)
	at java.desktop/java.awt.Component.dispatchEventImpl(Component.java:5001)
	at java.desktop/java.awt.Container.dispatchEventImpl(Container.java:2324)
	at java.desktop/java.awt.Component.dispatchEvent(Component.java:4833)
	at java.desktop/java.awt.KeyboardFocusManager.redispatchEvent(KeyboardFocusManager.java:1952)
	at java.desktop/java.awt.DefaultKeyboardFocusManager.dispatchKeyEvent(DefaultKeyboardFocusManager.java:883)
	at java.desktop/java.awt.DefaultKeyboardFocusManager.preDispatchKeyEvent(DefaultKeyboardFocusManager.java:1150)
	at java.desktop/java.awt.DefaultKeyboardFocusManager.typeAheadAssertions(DefaultKeyboardFocusManager.java:1020)
	at java.desktop/java.awt.DefaultKeyboardFocusManager.dispatchEvent(DefaultKeyboardFocusManager.java:848)
	at java.desktop/java.awt.Component.dispatchEventImpl(Component.java:4882)
	at java.desktop/java.awt.Container.dispatchEventImpl(Container.java:2324)
	at java.desktop/java.awt.Window.dispatchEventImpl(Window.java:2780)
	at java.desktop/java.awt.Component.dispatchEvent(Component.java:4833)
	at java.desktop/java.awt.EventQueue.dispatchEventImpl(EventQueue.java:773)
	at java.desktop/java.awt.EventQueue$4.run(EventQueue.java:722)
	at java.desktop/java.awt.EventQueue$4.run(EventQueue.java:716)
	at java.base/java.security.AccessController.doPrivileged(AccessController.java:399)
	at java.base/java.security.ProtectionDomain$JavaSecurityAccessImpl.doIntersectionPrivilege(ProtectionDomain.java:86)
	at java.base/java.security.ProtectionDomain$JavaSecurityAccessImpl.doIntersectionPrivilege(ProtectionDomain.java:97)
	at java.desktop/java.awt.EventQueue$5.run(EventQueue.java:746)
	at java.desktop/java.awt.EventQueue$5.run(EventQueue.java:744)
	at java.base/java.security.AccessController.doPrivileged(AccessController.java:399)
	at java.base/java.security.ProtectionDomain$JavaSecurityAccessImpl.doIntersectionPrivilege(ProtectionDomain.java:86)
	at java.desktop/java.awt.EventQueue.dispatchEvent(EventQueue.java:743)
	at java.desktop/java.awt.EventDispatchThread.pumpOneEventForFilters(EventDispatchThread.java:203)
	at java.desktop/java.awt.EventDispatchThread.pumpEventsForFilter(EventDispatchThread.java:124)
	at java.desktop/java.awt.EventDispatchThread.pumpEventsForHierarchy(EventDispatchThread.java:113)
	at java.desktop/java.awt.EventDispatchThread.pumpEvents(EventDispatchThread.java:109)
	at java.desktop/java.awt.EventDispatchThread.pumpEvents(EventDispatchThread.java:101)
	at java.desktop/java.awt.EventDispatchThread.run(EventDispatchThread.java:90)

abr. 13, 2024 7:47:00 P. M. domain.Log record
GRAVE: java.lang.NullPointerException: Cannot invoke "domain.Activity.name()" because the return value of "java.util.HashMap.get(Object)" is null
java.lang.NullPointerException: Cannot invoke "domain.Activity.name()" because the return value of "java.util.HashMap.get(Object)" is null
	at domain.Project.select(Project.java:93)
	at domain.Project.search(Project.java:128)
	at presentation.ProjectManagerGUI.actionSearch(ProjectManagerGUI.java:239)
	at presentation.ProjectManagerGUI$6.insertUpdate(ProjectManagerGUI.java:199)
	at java.desktop/javax.swing.text.AbstractDocument.fireInsertUpdate(AbstractDocument.java:226)
	at java.desktop/javax.swing.text.AbstractDocument.handleInsertString(AbstractDocument.java:780)
	at java.desktop/javax.swing.text.AbstractDocument.insertString(AbstractDocument.java:739)
	at java.desktop/javax.swing.text.PlainDocument.insertString(PlainDocument.java:131)
	at java.desktop/javax.swing.text.AbstractDocument.replace(AbstractDocument.java:698)
	at java.desktop/javax.swing.text.JTextComponent.replaceSelection(JTextComponent.java:1339)
	at java.desktop/javax.swing.text.DefaultEditorKit$DefaultKeyTypedAction.actionPerformed(DefaultEditorKit.java:884)
	at java.desktop/javax.swing.SwingUtilities.notifyAction(SwingUtilities.java:1810)
	at java.desktop/javax.swing.JComponent.processKeyBinding(JComponent.java:2947)
	at java.desktop/javax.swing.JComponent.processKeyBindings(JComponent.java:2995)
	at java.desktop/javax.swing.JComponent.processKeyEvent(JComponent.java:2909)
	at java.desktop/java.awt.Component.processEvent(Component.java:6403)
	at java.desktop/java.awt.Container.processEvent(Container.java:2266)
	at java.desktop/java.awt.Component.dispatchEventImpl(Component.java:5001)
	at java.desktop/java.awt.Container.dispatchEventImpl(Container.java:2324)
	at java.desktop/java.awt.Component.dispatchEvent(Component.java:4833)
	at java.desktop/java.awt.KeyboardFocusManager.redispatchEvent(KeyboardFocusManager.java:1952)
	at java.desktop/java.awt.DefaultKeyboardFocusManager.dispatchKeyEvent(DefaultKeyboardFocusManager.java:883)
	at java.desktop/java.awt.DefaultKeyboardFocusManager.preDispatchKeyEvent(DefaultKeyboardFocusManager.java:1150)
	at java.desktop/java.awt.DefaultKeyboardFocusManager.typeAheadAssertions(DefaultKeyboardFocusManager.java:1020)
	at java.desktop/java.awt.DefaultKeyboardFocusManager.dispatchEvent(DefaultKeyboardFocusManager.java:848)
	at java.desktop/java.awt.Component.dispatchEventImpl(Component.java:4882)
	at java.desktop/java.awt.Container.dispatchEventImpl(Container.java:2324)
	at java.desktop/java.awt.Window.dispatchEventImpl(Window.java:2780)
	at java.desktop/java.awt.Component.dispatchEvent(Component.java:4833)
	at java.desktop/java.awt.EventQueue.dispatchEventImpl(EventQueue.java:773)
	at java.desktop/java.awt.EventQueue$4.run(EventQueue.java:722)
	at java.desktop/java.awt.EventQueue$4.run(EventQueue.java:716)
	at java.base/java.security.AccessController.doPrivileged(AccessController.java:399)
	at java.base/java.security.ProtectionDomain$JavaSecurityAccessImpl.doIntersectionPrivilege(ProtectionDomain.java:86)
	at java.base/java.security.ProtectionDomain$JavaSecurityAccessImpl.doIntersectionPrivilege(ProtectionDomain.java:97)
	at java.desktop/java.awt.EventQueue$5.run(EventQueue.java:746)
	at java.desktop/java.awt.EventQueue$5.run(EventQueue.java:744)
	at java.base/java.security.AccessController.doPrivileged(AccessController.java:399)
	at java.base/java.security.ProtectionDomain$JavaSecurityAccessImpl.doIntersectionPrivilege(ProtectionDomain.java:86)
	at java.desktop/java.awt.EventQueue.dispatchEvent(EventQueue.java:743)
	at java.desktop/java.awt.EventDispatchThread.pumpOneEventForFilters(EventDispatchThread.java:203)
	at java.desktop/java.awt.EventDispatchThread.pumpEventsForFilter(EventDispatchThread.java:124)
	at java.desktop/java.awt.EventDispatchThread.pumpEventsForHierarchy(EventDispatchThread.java:113)
	at java.desktop/java.awt.EventDispatchThread.pumpEvents(EventDispatchThread.java:109)
	at java.desktop/java.awt.EventDispatchThread.pumpEvents(EventDispatchThread.java:101)
	at java.desktop/java.awt.EventDispatchThread.run(EventDispatchThread.java:90)

abr. 13, 2024 7:47:05 P. M. domain.Log record
GRAVE: java.lang.NullPointerException: Cannot invoke "domain.Activity.name()" because the return value of "java.util.HashMap.get(Object)" is null
java.lang.NullPointerException: Cannot invoke "domain.Activity.name()" because the return value of "java.util.HashMap.get(Object)" is null
	at domain.Project.select(Project.java:93)
	at domain.Project.search(Project.java:128)
	at presentation.ProjectManagerGUI.actionSearch(ProjectManagerGUI.java:239)
	at presentation.ProjectManagerGUI$6.insertUpdate(ProjectManagerGUI.java:199)
	at java.desktop/javax.swing.text.AbstractDocument.fireInsertUpdate(AbstractDocument.java:226)
	at java.desktop/javax.swing.text.AbstractDocument.handleInsertString(AbstractDocument.java:780)
	at java.desktop/javax.swing.text.AbstractDocument.insertString(AbstractDocument.java:739)
	at java.desktop/javax.swing.text.PlainDocument.insertString(PlainDocument.java:131)
	at java.desktop/javax.swing.text.AbstractDocument.replace(AbstractDocument.java:698)
	at java.desktop/javax.swing.text.JTextComponent.replaceSelection(JTextComponent.java:1339)
	at java.desktop/javax.swing.text.DefaultEditorKit$DefaultKeyTypedAction.actionPerformed(DefaultEditorKit.java:884)
	at java.desktop/javax.swing.SwingUtilities.notifyAction(SwingUtilities.java:1810)
	at java.desktop/javax.swing.JComponent.processKeyBinding(JComponent.java:2947)
	at java.desktop/javax.swing.JComponent.processKeyBindings(JComponent.java:2995)
	at java.desktop/javax.swing.JComponent.processKeyEvent(JComponent.java:2909)
	at java.desktop/java.awt.Component.processEvent(Component.java:6403)
	at java.desktop/java.awt.Container.processEvent(Container.java:2266)
	at java.desktop/java.awt.Component.dispatchEventImpl(Component.java:5001)
	at java.desktop/java.awt.Container.dispatchEventImpl(Container.java:2324)
	at java.desktop/java.awt.Component.dispatchEvent(Component.java:4833)
	at java.desktop/java.awt.KeyboardFocusManager.redispatchEvent(KeyboardFocusManager.java:1952)
	at java.desktop/java.awt.DefaultKeyboardFocusManager.dispatchKeyEvent(DefaultKeyboardFocusManager.java:883)
	at java.desktop/java.awt.DefaultKeyboardFocusManager.preDispatchKeyEvent(DefaultKeyboardFocusManager.java:1150)
	at java.desktop/java.awt.DefaultKeyboardFocusManager.typeAheadAssertions(DefaultKeyboardFocusManager.java:1020)
	at java.desktop/java.awt.DefaultKeyboardFocusManager.dispatchEvent(DefaultKeyboardFocusManager.java:848)
	at java.desktop/java.awt.Component.dispatchEventImpl(Component.java:4882)
	at java.desktop/java.awt.Container.dispatchEventImpl(Container.java:2324)
	at java.desktop/java.awt.Window.dispatchEventImpl(Window.java:2780)
	at java.desktop/java.awt.Component.dispatchEvent(Component.java:4833)
	at java.desktop/java.awt.EventQueue.dispatchEventImpl(EventQueue.java:773)
	at java.desktop/java.awt.EventQueue$4.run(EventQueue.java:722)
	at java.desktop/java.awt.EventQueue$4.run(EventQueue.java:716)
	at java.base/java.security.AccessController.doPrivileged(AccessController.java:399)
	at java.base/java.security.ProtectionDomain$JavaSecurityAccessImpl.doIntersectionPrivilege(ProtectionDomain.java:86)
	at java.base/java.security.ProtectionDomain$JavaSecurityAccessImpl.doIntersectionPrivilege(ProtectionDomain.java:97)
	at java.desktop/java.awt.EventQueue$5.run(EventQueue.java:746)
	at java.desktop/java.awt.EventQueue$5.run(EventQueue.java:744)
	at java.base/java.security.AccessController.doPrivileged(AccessController.java:399)
	at java.base/java.security.ProtectionDomain$JavaSecurityAccessImpl.doIntersectionPrivilege(ProtectionDomain.java:86)
	at java.desktop/java.awt.EventQueue.dispatchEvent(EventQueue.java:743)
	at java.desktop/java.awt.EventDispatchThread.pumpOneEventForFilters(EventDispatchThread.java:203)
	at java.desktop/java.awt.EventDispatchThread.pumpEventsForFilter(EventDispatchThread.java:124)
	at java.desktop/java.awt.EventDispatchThread.pumpEventsForHierarchy(EventDispatchThread.java:113)
	at java.desktop/java.awt.EventDispatchThread.pumpEvents(EventDispatchThread.java:109)
	at java.desktop/java.awt.EventDispatchThread.pumpEvents(EventDispatchThread.java:101)
	at java.desktop/java.awt.EventDispatchThread.run(EventDispatchThread.java:90)

abr. 13, 2024 7:47:08 P. M. domain.Log record
GRAVE: java.lang.NullPointerException: Cannot invoke "domain.Activity.name()" because the return value of "java.util.HashMap.get(Object)" is null
java.lang.NullPointerException: Cannot invoke "domain.Activity.name()" because the return value of "java.util.HashMap.get(Object)" is null
	at domain.Project.select(Project.java:93)
	at domain.Project.search(Project.java:128)
	at presentation.ProjectManagerGUI.actionSearch(ProjectManagerGUI.java:239)
	at presentation.ProjectManagerGUI$6.insertUpdate(ProjectManagerGUI.java:199)
	at java.desktop/javax.swing.text.AbstractDocument.fireInsertUpdate(AbstractDocument.java:226)
	at java.desktop/javax.swing.text.AbstractDocument.handleInsertString(AbstractDocument.java:780)
	at java.desktop/javax.swing.text.AbstractDocument.insertString(AbstractDocument.java:739)
	at java.desktop/javax.swing.text.PlainDocument.insertString(PlainDocument.java:131)
	at java.desktop/javax.swing.text.AbstractDocument.replace(AbstractDocument.java:698)
	at java.desktop/javax.swing.text.JTextComponent.replaceSelection(JTextComponent.java:1339)
	at java.desktop/javax.swing.text.DefaultEditorKit$DefaultKeyTypedAction.actionPerformed(DefaultEditorKit.java:884)
	at java.desktop/javax.swing.SwingUtilities.notifyAction(SwingUtilities.java:1810)
	at java.desktop/javax.swing.JComponent.processKeyBinding(JComponent.java:2947)
	at java.desktop/javax.swing.JComponent.processKeyBindings(JComponent.java:2995)
	at java.desktop/javax.swing.JComponent.processKeyEvent(JComponent.java:2909)
	at java.desktop/java.awt.Component.processEvent(Component.java:6403)
	at java.desktop/java.awt.Container.processEvent(Container.java:2266)
	at java.desktop/java.awt.Component.dispatchEventImpl(Component.java:5001)
	at java.desktop/java.awt.Container.dispatchEventImpl(Container.java:2324)
	at java.desktop/java.awt.Component.dispatchEvent(Component.java:4833)
	at java.desktop/java.awt.KeyboardFocusManager.redispatchEvent(KeyboardFocusManager.java:1952)
	at java.desktop/java.awt.DefaultKeyboardFocusManager.dispatchKeyEvent(DefaultKeyboardFocusManager.java:883)
	at java.desktop/java.awt.DefaultKeyboardFocusManager.preDispatchKeyEvent(DefaultKeyboardFocusManager.java:1150)
	at java.desktop/java.awt.DefaultKeyboardFocusManager.typeAheadAssertions(DefaultKeyboardFocusManager.java:1020)
	at java.desktop/java.awt.DefaultKeyboardFocusManager.dispatchEvent(DefaultKeyboardFocusManager.java:848)
	at java.desktop/java.awt.Component.dispatchEventImpl(Component.java:4882)
	at java.desktop/java.awt.Container.dispatchEventImpl(Container.java:2324)
	at java.desktop/java.awt.Window.dispatchEventImpl(Window.java:2780)
	at java.desktop/java.awt.Component.dispatchEvent(Component.java:4833)
	at java.desktop/java.awt.EventQueue.dispatchEventImpl(EventQueue.java:773)
	at java.desktop/java.awt.EventQueue$4.run(EventQueue.java:722)
	at java.desktop/java.awt.EventQueue$4.run(EventQueue.java:716)
	at java.base/java.security.AccessController.doPrivileged(AccessController.java:399)
	at java.base/java.security.ProtectionDomain$JavaSecurityAccessImpl.doIntersectionPrivilege(ProtectionDomain.java:86)
	at java.base/java.security.ProtectionDomain$JavaSecurityAccessImpl.doIntersectionPrivilege(ProtectionDomain.java:97)
	at java.desktop/java.awt.EventQueue$5.run(EventQueue.java:746)
	at java.desktop/java.awt.EventQueue$5.run(EventQueue.java:744)
	at java.base/java.security.AccessController.doPrivileged(AccessController.java:399)
	at java.base/java.security.ProtectionDomain$JavaSecurityAccessImpl.doIntersectionPrivilege(ProtectionDomain.java:86)
	at java.desktop/java.awt.EventQueue.dispatchEvent(EventQueue.java:743)
	at java.desktop/java.awt.EventDispatchThread.pumpOneEventForFilters(EventDispatchThread.java:203)
	at java.desktop/java.awt.EventDispatchThread.pumpEventsForFilter(EventDispatchThread.java:124)
	at java.desktop/java.awt.EventDispatchThread.pumpEventsForHierarchy(EventDispatchThread.java:113)
	at java.desktop/java.awt.EventDispatchThread.pumpEvents(EventDispatchThread.java:109)
	at java.desktop/java.awt.EventDispatchThread.pumpEvents(EventDispatchThread.java:101)
	at java.desktop/java.awt.EventDispatchThread.run(EventDispatchThread.java:90)

abr. 13, 2024 7:47:10 P. M. domain.Log record
GRAVE: java.lang.NullPointerException: Cannot invoke "domain.Activity.name()" because the return value of "java.util.HashMap.get(Object)" is null
java.lang.NullPointerException: Cannot invoke "domain.Activity.name()" because the return value of "java.util.HashMap.get(Object)" is null
	at domain.Project.select(Project.java:93)
	at domain.Project.search(Project.java:128)
	at presentation.ProjectManagerGUI.actionSearch(ProjectManagerGUI.java:239)
	at presentation.ProjectManagerGUI$6.insertUpdate(ProjectManagerGUI.java:199)
	at java.desktop/javax.swing.text.AbstractDocument.fireInsertUpdate(AbstractDocument.java:226)
	at java.desktop/javax.swing.text.AbstractDocument.handleInsertString(AbstractDocument.java:780)
	at java.desktop/javax.swing.text.AbstractDocument.insertString(AbstractDocument.java:739)
	at java.desktop/javax.swing.text.PlainDocument.insertString(PlainDocument.java:131)
	at java.desktop/javax.swing.text.AbstractDocument.replace(AbstractDocument.java:698)
	at java.desktop/javax.swing.text.JTextComponent.replaceSelection(JTextComponent.java:1339)
	at java.desktop/javax.swing.text.DefaultEditorKit$DefaultKeyTypedAction.actionPerformed(DefaultEditorKit.java:884)
	at java.desktop/javax.swing.SwingUtilities.notifyAction(SwingUtilities.java:1810)
	at java.desktop/javax.swing.JComponent.processKeyBinding(JComponent.java:2947)
	at java.desktop/javax.swing.JComponent.processKeyBindings(JComponent.java:2995)
	at java.desktop/javax.swing.JComponent.processKeyEvent(JComponent.java:2909)
	at java.desktop/java.awt.Component.processEvent(Component.java:6403)
	at java.desktop/java.awt.Container.processEvent(Container.java:2266)
	at java.desktop/java.awt.Component.dispatchEventImpl(Component.java:5001)
	at java.desktop/java.awt.Container.dispatchEventImpl(Container.java:2324)
	at java.desktop/java.awt.Component.dispatchEvent(Component.java:4833)
	at java.desktop/java.awt.KeyboardFocusManager.redispatchEvent(KeyboardFocusManager.java:1952)
	at java.desktop/java.awt.DefaultKeyboardFocusManager.dispatchKeyEvent(DefaultKeyboardFocusManager.java:883)
	at java.desktop/java.awt.DefaultKeyboardFocusManager.preDispatchKeyEvent(DefaultKeyboardFocusManager.java:1150)
	at java.desktop/java.awt.DefaultKeyboardFocusManager.typeAheadAssertions(DefaultKeyboardFocusManager.java:1020)
	at java.desktop/java.awt.DefaultKeyboardFocusManager.dispatchEvent(DefaultKeyboardFocusManager.java:848)
	at java.desktop/java.awt.Component.dispatchEventImpl(Component.java:4882)
	at java.desktop/java.awt.Container.dispatchEventImpl(Container.java:2324)
	at java.desktop/java.awt.Window.dispatchEventImpl(Window.java:2780)
	at java.desktop/java.awt.Component.dispatchEvent(Component.java:4833)
	at java.desktop/java.awt.EventQueue.dispatchEventImpl(EventQueue.java:773)
	at java.desktop/java.awt.EventQueue$4.run(EventQueue.java:722)
	at java.desktop/java.awt.EventQueue$4.run(EventQueue.java:716)
	at java.base/java.security.AccessController.doPrivileged(AccessController.java:399)
	at java.base/java.security.ProtectionDomain$JavaSecurityAccessImpl.doIntersectionPrivilege(ProtectionDomain.java:86)
	at java.base/java.security.ProtectionDomain$JavaSecurityAccessImpl.doIntersectionPrivilege(ProtectionDomain.java:97)
	at java.desktop/java.awt.EventQueue$5.run(EventQueue.java:746)
	at java.desktop/java.awt.EventQueue$5.run(EventQueue.java:744)
	at java.base/java.security.AccessController.doPrivileged(AccessController.java:399)
	at java.base/java.security.ProtectionDomain$JavaSecurityAccessImpl.doIntersectionPrivilege(ProtectionDomain.java:86)
	at java.desktop/java.awt.EventQueue.dispatchEvent(EventQueue.java:743)
	at java.desktop/java.awt.EventDispatchThread.pumpOneEventForFilters(EventDispatchThread.java:203)
	at java.desktop/java.awt.EventDispatchThread.pumpEventsForFilter(EventDispatchThread.java:124)
	at java.desktop/java.awt.EventDispatchThread.pumpEventsForHierarchy(EventDispatchThread.java:113)
	at java.desktop/java.awt.EventDispatchThread.pumpEvents(EventDispatchThread.java:109)
	at java.desktop/java.awt.EventDispatchThread.pumpEvents(EventDispatchThread.java:101)
	at java.desktop/java.awt.EventDispatchThread.run(EventDispatchThread.java:90)

abr. 13, 2024 7:47:12 P. M. domain.Log record
GRAVE: java.lang.NullPointerException: Cannot invoke "domain.Activity.name()" because the return value of "java.util.HashMap.get(Object)" is null
java.lang.NullPointerException: Cannot invoke "domain.Activity.name()" because the return value of "java.util.HashMap.get(Object)" is null
	at domain.Project.select(Project.java:93)
	at domain.Project.search(Project.java:128)
	at presentation.ProjectManagerGUI.actionSearch(ProjectManagerGUI.java:239)
	at presentation.ProjectManagerGUI$6.insertUpdate(ProjectManagerGUI.java:199)
	at java.desktop/javax.swing.text.AbstractDocument.fireInsertUpdate(AbstractDocument.java:226)
	at java.desktop/javax.swing.text.AbstractDocument.handleInsertString(AbstractDocument.java:780)
	at java.desktop/javax.swing.text.AbstractDocument.insertString(AbstractDocument.java:739)
	at java.desktop/javax.swing.text.PlainDocument.insertString(PlainDocument.java:131)
	at java.desktop/javax.swing.text.AbstractDocument.replace(AbstractDocument.java:698)
	at java.desktop/javax.swing.text.JTextComponent.replaceSelection(JTextComponent.java:1339)
	at java.desktop/javax.swing.text.DefaultEditorKit$DefaultKeyTypedAction.actionPerformed(DefaultEditorKit.java:884)
	at java.desktop/javax.swing.SwingUtilities.notifyAction(SwingUtilities.java:1810)
	at java.desktop/javax.swing.JComponent.processKeyBinding(JComponent.java:2947)
	at java.desktop/javax.swing.JComponent.processKeyBindings(JComponent.java:2995)
	at java.desktop/javax.swing.JComponent.processKeyEvent(JComponent.java:2909)
	at java.desktop/java.awt.Component.processEvent(Component.java:6403)
	at java.desktop/java.awt.Container.processEvent(Container.java:2266)
	at java.desktop/java.awt.Component.dispatchEventImpl(Component.java:5001)
	at java.desktop/java.awt.Container.dispatchEventImpl(Container.java:2324)
	at java.desktop/java.awt.Component.dispatchEvent(Component.java:4833)
	at java.desktop/java.awt.KeyboardFocusManager.redispatchEvent(KeyboardFocusManager.java:1952)
	at java.desktop/java.awt.DefaultKeyboardFocusManager.dispatchKeyEvent(DefaultKeyboardFocusManager.java:883)
	at java.desktop/java.awt.DefaultKeyboardFocusManager.preDispatchKeyEvent(DefaultKeyboardFocusManager.java:1150)
	at java.desktop/java.awt.DefaultKeyboardFocusManager.typeAheadAssertions(DefaultKeyboardFocusManager.java:1020)
	at java.desktop/java.awt.DefaultKeyboardFocusManager.dispatchEvent(DefaultKeyboardFocusManager.java:848)
	at java.desktop/java.awt.Component.dispatchEventImpl(Component.java:4882)
	at java.desktop/java.awt.Container.dispatchEventImpl(Container.java:2324)
	at java.desktop/java.awt.Window.dispatchEventImpl(Window.java:2780)
	at java.desktop/java.awt.Component.dispatchEvent(Component.java:4833)
	at java.desktop/java.awt.EventQueue.dispatchEventImpl(EventQueue.java:773)
	at java.desktop/java.awt.EventQueue$4.run(EventQueue.java:722)
	at java.desktop/java.awt.EventQueue$4.run(EventQueue.java:716)
	at java.base/java.security.AccessController.doPrivileged(AccessController.java:399)
	at java.base/java.security.ProtectionDomain$JavaSecurityAccessImpl.doIntersectionPrivilege(ProtectionDomain.java:86)
	at java.base/java.security.ProtectionDomain$JavaSecurityAccessImpl.doIntersectionPrivilege(ProtectionDomain.java:97)
	at java.desktop/java.awt.EventQueue$5.run(EventQueue.java:746)
	at java.desktop/java.awt.EventQueue$5.run(EventQueue.java:744)
	at java.base/java.security.AccessController.doPrivileged(AccessController.java:399)
	at java.base/java.security.ProtectionDomain$JavaSecurityAccessImpl.doIntersectionPrivilege(ProtectionDomain.java:86)
	at java.desktop/java.awt.EventQueue.dispatchEvent(EventQueue.java:743)
	at java.desktop/java.awt.EventDispatchThread.pumpOneEventForFilters(EventDispatchThread.java:203)
	at java.desktop/java.awt.EventDispatchThread.pumpEventsForFilter(EventDispatchThread.java:124)
	at java.desktop/java.awt.EventDispatchThread.pumpEventsForHierarchy(EventDispatchThread.java:113)
	at java.desktop/java.awt.EventDispatchThread.pumpEvents(EventDispatchThread.java:109)
	at java.desktop/java.awt.EventDispatchThread.pumpEvents(EventDispatchThread.java:101)
	at java.desktop/java.awt.EventDispatchThread.run(EventDispatchThread.java:90)

abr. 13, 2024 7:47:13 P. M. domain.Log record
GRAVE: java.lang.NullPointerException: Cannot invoke "domain.Activity.name()" because the return value of "java.util.HashMap.get(Object)" is null
java.lang.NullPointerException: Cannot invoke "domain.Activity.name()" because the return value of "java.util.HashMap.get(Object)" is null
	at domain.Project.select(Project.java:93)
	at domain.Project.search(Project.java:128)
	at presentation.ProjectManagerGUI.actionSearch(ProjectManagerGUI.java:239)
	at presentation.ProjectManagerGUI$6.insertUpdate(ProjectManagerGUI.java:199)
	at java.desktop/javax.swing.text.AbstractDocument.fireInsertUpdate(AbstractDocument.java:226)
	at java.desktop/javax.swing.text.AbstractDocument.handleInsertString(AbstractDocument.java:780)
	at java.desktop/javax.swing.text.AbstractDocument.insertString(AbstractDocument.java:739)
	at java.desktop/javax.swing.text.PlainDocument.insertString(PlainDocument.java:131)
	at java.desktop/javax.swing.text.AbstractDocument.replace(AbstractDocument.java:698)
	at java.desktop/javax.swing.text.JTextComponent.replaceSelection(JTextComponent.java:1339)
	at java.desktop/javax.swing.text.DefaultEditorKit$DefaultKeyTypedAction.actionPerformed(DefaultEditorKit.java:884)
	at java.desktop/javax.swing.SwingUtilities.notifyAction(SwingUtilities.java:1810)
	at java.desktop/javax.swing.JComponent.processKeyBinding(JComponent.java:2947)
	at java.desktop/javax.swing.JComponent.processKeyBindings(JComponent.java:2995)
	at java.desktop/javax.swing.JComponent.processKeyEvent(JComponent.java:2909)
	at java.desktop/java.awt.Component.processEvent(Component.java:6403)
	at java.desktop/java.awt.Container.processEvent(Container.java:2266)
	at java.desktop/java.awt.Component.dispatchEventImpl(Component.java:5001)
	at java.desktop/java.awt.Container.dispatchEventImpl(Container.java:2324)
	at java.desktop/java.awt.Component.dispatchEvent(Component.java:4833)
	at java.desktop/java.awt.KeyboardFocusManager.redispatchEvent(KeyboardFocusManager.java:1952)
	at java.desktop/java.awt.DefaultKeyboardFocusManager.dispatchKeyEvent(DefaultKeyboardFocusManager.java:883)
	at java.desktop/java.awt.DefaultKeyboardFocusManager.preDispatchKeyEvent(DefaultKeyboardFocusManager.java:1150)
	at java.desktop/java.awt.DefaultKeyboardFocusManager.typeAheadAssertions(DefaultKeyboardFocusManager.java:1020)
	at java.desktop/java.awt.DefaultKeyboardFocusManager.dispatchEvent(DefaultKeyboardFocusManager.java:848)
	at java.desktop/java.awt.Component.dispatchEventImpl(Component.java:4882)
	at java.desktop/java.awt.Container.dispatchEventImpl(Container.java:2324)
	at java.desktop/java.awt.Window.dispatchEventImpl(Window.java:2780)
	at java.desktop/java.awt.Component.dispatchEvent(Component.java:4833)
	at java.desktop/java.awt.EventQueue.dispatchEventImpl(EventQueue.java:773)
	at java.desktop/java.awt.EventQueue$4.run(EventQueue.java:722)
	at java.desktop/java.awt.EventQueue$4.run(EventQueue.java:716)
	at java.base/java.security.AccessController.doPrivileged(AccessController.java:399)
	at java.base/java.security.ProtectionDomain$JavaSecurityAccessImpl.doIntersectionPrivilege(ProtectionDomain.java:86)
	at java.base/java.security.ProtectionDomain$JavaSecurityAccessImpl.doIntersectionPrivilege(ProtectionDomain.java:97)
	at java.desktop/java.awt.EventQueue$5.run(EventQueue.java:746)
	at java.desktop/java.awt.EventQueue$5.run(EventQueue.java:744)
	at java.base/java.security.AccessController.doPrivileged(AccessController.java:399)
	at java.base/java.security.ProtectionDomain$JavaSecurityAccessImpl.doIntersectionPrivilege(ProtectionDomain.java:86)
	at java.desktop/java.awt.EventQueue.dispatchEvent(EventQueue.java:743)
	at java.desktop/java.awt.EventDispatchThread.pumpOneEventForFilters(EventDispatchThread.java:203)
	at java.desktop/java.awt.EventDispatchThread.pumpEventsForFilter(EventDispatchThread.java:124)
	at java.desktop/java.awt.EventDispatchThread.pumpEventsForHierarchy(EventDispatchThread.java:113)
	at java.desktop/java.awt.EventDispatchThread.pumpEvents(EventDispatchThread.java:109)
	at java.desktop/java.awt.EventDispatchThread.pumpEvents(EventDispatchThread.java:101)
	at java.desktop/java.awt.EventDispatchThread.run(EventDispatchThread.java:90)

abr. 13, 2024 8:01:52 P. M. domain.Log record
GRAVE: java.lang.NullPointerException: Cannot invoke "domain.Activity.name()" because the return value of "java.util.HashMap.get(Object)" is null
java.lang.NullPointerException: Cannot invoke "domain.Activity.name()" because the return value of "java.util.HashMap.get(Object)" is null
	at domain.Project.select(Project.java:93)
	at domain.Project.search(Project.java:128)
	at presentation.ProjectManagerGUI.actionSearch(ProjectManagerGUI.java:250)
	at presentation.ProjectManagerGUI$6.actionPerformed(ProjectManagerGUI.java:198)
	at java.desktop/javax.swing.AbstractButton.fireActionPerformed(AbstractButton.java:1972)
	at java.desktop/javax.swing.AbstractButton$Handler.actionPerformed(AbstractButton.java:2313)
	at java.desktop/javax.swing.DefaultButtonModel.fireActionPerformed(DefaultButtonModel.java:405)
	at java.desktop/javax.swing.DefaultButtonModel.setPressed(DefaultButtonModel.java:262)
	at java.desktop/javax.swing.plaf.basic.BasicButtonListener.mouseReleased(BasicButtonListener.java:279)
	at java.desktop/java.awt.Component.processMouseEvent(Component.java:6626)
	at java.desktop/javax.swing.JComponent.processMouseEvent(JComponent.java:3389)
	at java.desktop/java.awt.Component.processEvent(Component.java:6391)
	at java.desktop/java.awt.Container.processEvent(Container.java:2266)
	at java.desktop/java.awt.Component.dispatchEventImpl(Component.java:5001)
	at java.desktop/java.awt.Container.dispatchEventImpl(Container.java:2324)
	at java.desktop/java.awt.Component.dispatchEvent(Component.java:4833)
	at java.desktop/java.awt.LightweightDispatcher.retargetMouseEvent(Container.java:4948)
	at java.desktop/java.awt.LightweightDispatcher.processMouseEvent(Container.java:4575)
	at java.desktop/java.awt.LightweightDispatcher.dispatchEvent(Container.java:4516)
	at java.desktop/java.awt.Container.dispatchEventImpl(Container.java:2310)
	at java.desktop/java.awt.Window.dispatchEventImpl(Window.java:2780)
	at java.desktop/java.awt.Component.dispatchEvent(Component.java:4833)
	at java.desktop/java.awt.EventQueue.dispatchEventImpl(EventQueue.java:773)
	at java.desktop/java.awt.EventQueue$4.run(EventQueue.java:722)
	at java.desktop/java.awt.EventQueue$4.run(EventQueue.java:716)
	at java.base/java.security.AccessController.doPrivileged(AccessController.java:399)
	at java.base/java.security.ProtectionDomain$JavaSecurityAccessImpl.doIntersectionPrivilege(ProtectionDomain.java:86)
	at java.base/java.security.ProtectionDomain$JavaSecurityAccessImpl.doIntersectionPrivilege(ProtectionDomain.java:97)
	at java.desktop/java.awt.EventQueue$5.run(EventQueue.java:746)
	at java.desktop/java.awt.EventQueue$5.run(EventQueue.java:744)
	at java.base/java.security.AccessController.doPrivileged(AccessController.java:399)
	at java.base/java.security.ProtectionDomain$JavaSecurityAccessImpl.doIntersectionPrivilege(ProtectionDomain.java:86)
	at java.desktop/java.awt.EventQueue.dispatchEvent(EventQueue.java:743)
	at java.desktop/java.awt.EventDispatchThread.pumpOneEventForFilters(EventDispatchThread.java:203)
	at java.desktop/java.awt.EventDispatchThread.pumpEventsForFilter(EventDispatchThread.java:124)
	at java.desktop/java.awt.EventDispatchThread.pumpEventsForHierarchy(EventDispatchThread.java:113)
	at java.desktop/java.awt.EventDispatchThread.pumpEvents(EventDispatchThread.java:109)
	at java.desktop/java.awt.EventDispatchThread.pumpEvents(EventDispatchThread.java:101)
	at java.desktop/java.awt.EventDispatchThread.run(EventDispatchThread.java:90)

